[0/4] Performing build step for 'sitl_gazebo'
ninja: no work to do.
[2/4] No install step for 'sitl_gazebo'
[3/4] Completed 'sitl_gazebo'
[3/4] cd /home/souvik03/Downloads/gestelt_ws/PX4-Autopilot/build/px4_sitl_default/tmp && /home/souvik03/Downloads/gestelt_ws/PX4-Autopilot/Tools/sitl_run.sh /home/souvik03/Downloads/gestelt_ws/PX4-Autopilot/build/px4_sitl_default/bin/px4 none gazebo none none /home/souvik03/Downloads/gestelt_ws/PX4-Autopilot /home/souvik03/Downloads/gestelt_ws/PX4-Autopilot/build/px4_sitl_default
SITL ARGS
sitl_bin: /home/souvik03/Downloads/gestelt_ws/PX4-Autopilot/build/px4_sitl_default/bin/px4
debugger: none
program: gazebo
model: none
world: none
src_path: /home/souvik03/Downloads/gestelt_ws/PX4-Autopilot
build_path: /home/souvik03/Downloads/gestelt_ws/PX4-Autopilot/build/px4_sitl_default
empty model, setting iris as default
GAZEBO_PLUGIN_PATH :/home/souvik03/Downloads/gestelt_ws/PX4-Autopilot/build/px4_sitl_default/build_gazebo
GAZEBO_MODEL_PATH :/home/souvik03/Downloads/gestelt_ws/PX4-Autopilot/Tools/sitl_gazebo/models
LD_LIBRARY_PATH /opt/ros/noetic/lib:/home/souvik03/Downloads/gestelt_ws/PX4-Autopilot/build/px4_sitl_default/build_gazebo
empty world, setting empty.world as default
Using: /home/souvik03/Downloads/gestelt_ws/PX4-Autopilot/Tools/sitl_gazebo/models/iris/iris.sdf
[1;33mWarning [parser.cc:833][0m XML Attribute[version] in element[sdf] not defined in SDF, ignoring.
SITL COMMAND: "/home/souvik03/Downloads/gestelt_ws/PX4-Autopilot/build/px4_sitl_default/bin/px4" "/home/souvik03/Downloads/gestelt_ws/PX4-Autopilot/build/px4_sitl_default"/etc -s etc/init.d-posix/rcS -t "/home/souvik03/Downloads/gestelt_ws/PX4-Autopilot"/test_data
Creating symlink /home/souvik03/Downloads/gestelt_ws/PX4-Autopilot/build/px4_sitl_default/etc -> /home/souvik03/Downloads/gest

______  __   __    ___ 
| ___ \ \ \ / /   /   |
| |_/ /  \ V /   / /| |
|  __/   /   \  / /_| |
| |     / /^\ \ \___  |
\_|     \/   \/     |_/

px4 starting.

INFO  [px4] Calling startup script: /bin/sh etc/init.d-posix/rcS 0
INFO  [init] found model autostart file as SYS_AUTOSTART=10016
INFO  [param] selected parameter default file eeprom/parameters_10016
INFO  [parameters] BSON document size 611 bytes, decoded 611 bytes (INT32:18, FLOAT:12)
[param] Loaded: eeprom/parameters_10016
INFO  [dataman] data manager file './dataman' size is 7866640 bytes
PX4 SIM HOST: localhost
INFO  [simulator] Waiting for simulator to accept connection on TCP port 4560
INFO  [simulator] Simulator connected on TCP port 4560.
Gazebo multi-robot simulator, version 11.15.1
Copyright (C) 2012 Open Source Robotics Foundation.
Released under the Apache 2 License.
http://gazebosim.org

[1;33m
#     # ####### ####### ###  #####  #######
##    # #     #    #     #  #     # #
# #   # #     #    #     #  #       #
#  #  # #     #    #     #  #       #####
#   # # #     #    #     #  #       #
#    ## #     #    #     #  #     # #
#     # #######    #    ###  #####  #######

This version of Gazebo, now called Gazebo classic, reaches end-of-life
in January 2025. Users are highly encouraged to migrate to the new Gazebo
using our migration guides (https://gazebosim.org/docs/latest/gazebo_classic_migration/)


[0mINFO  [commander] LED: open /dev/led0 failed (22)
INFO  [init] Mixer: etc/mixers/quad_w.main.mix on /dev/pwm_output0
INFO  [init] Mixer: etc/mixers/pass.aux.mix appended to /dev/pwm_output0
INFO  [init] setting PWM_AUX_OUT none
INFO  [navigator] Mission #3 loaded, 6 WPs
INFO  [mavlink] mode: Normal, data rate: 4000000 B/s on udp port 18570 remote port 14550
INFO  [mavlink] partner IP: 127.0.0.1
INFO  [mavlink] mode: Onboard, data rate: 4000000 B/s on udp port 14580 remote port 14540
INFO  [mavlink] partner IP: 127.0.0.1
INFO  [mavlink] mode: Onboard, data rate: 4000 B/s on udp port 14280 remote port 14030
INFO  [mavlink] mode: Gimbal, data rate: 400000 B/s on udp port 13030 remote port 13280
INFO  [logger] logger started (mode=all)
INFO  [logger] Start file log (type: full)
INFO  [logger] [logger] ./log/2025-09-24/03_09_37.ulg	
INFO  [logger] Opened full log file: ./log/2025-09-24/03_09_37.ulg
INFO  [mavlink] MAVLink only on localhost (set param MAV_{i}_BROADCAST = 1 to enable network)
INFO  [mavlink] MAVLink only on localhost (set param MAV_{i}_BROADCAST = 1 to enable network)
INFO  [px4] Startup script returned successfully
pxh> INFO  [tone_alarm] notify negative
[2Kpxh>  [2Kpxh>  m[2Kpxh>  maINFO  [tone_alarm] home set
INFO  [tone_alarm] notify positive
INFO  [tone_alarm] notify negative
INFO  [tone_alarm] notify negative
[2Kpxh>  ma [2Kpxh>  ma  [2Kpxh>  ma  m[2Kpxh>  ma  ma[2Kpxh>  ma  mav[2Kpxh>  ma  mavl[2Kpxh>  ma  mavli[2Kpxh>  ma  mavlin[2Kpxh>  ma  mavlink[2Kpxh>  ma  mavlink [2Kpxh>  ma  mavlink sINFO  [tone_alarm] notify negative
[2Kpxh>  ma  mavlink st[2Kpxh>  ma  mavlink sta[2Kpxh>  ma  mavlink stat[2Kpxh>  ma  mavlink statu[2Kpxh>  ma  mavlink status
Invalid command: ma
type 'help' for a list of commands
pxh> INFO  [tone_alarm] notify negative
INFO  [tone_alarm] notify negative

PX4 Exiting...
[2Kpxh> Exiting NOW.
ninja: build stopped: interrupted by user.
make: *** [Makefile:235: px4_sitl] Interrupt
